500
496 7134 2981 5649 3672 1881 6444 7755 1937 5024 1841 9354 2791 7762 6534 6613 3936
427 7134 2981 5649 3672 1881 6444 7755 1937 5024 1841 9354 2791 7762 6534 8125 321
433 7134 2981 5649 3672 1881 6444 7755 1937 5024 1841 9354 2791 7762 6534 8125 321
180 7134 2981 5649 3672 1881 6444 7755 1937 5024 1841 9354 2791 7762 6534 8125 321
94 7134 2981 5649 3672 1881 6444 7755 1937 5024 1841 9354 2791 7762 6534 6613 3936
384 7134 2981 5649 3672 1881 6444 7755 1937 5024 1841 9354 2791 7762 6534 8125 321
19 7134 2981 5649 3672 1881 6444 7755 1937 5024 1841 9354 2791 7762 6534 8125 79
340 7134 2981 5649 3672 1881 6444 7755 1937 5024 1841 9354 2791 7762 6534 8125 321
367 7134 2981 5649 3672 1881 6444 7755 1937 5024 1841 9354 2791 7762 6534 8125 79
75 7134 2981 5649 3672 1881 6444 7755 1937 5024 1841 9354 2791 7762 6534 8125 321
196 7134 2981 5649 3672 1881 6444 7755 1937 5024 1841 9354 2791 7762 6534 6613 3936
390 7134 2981 5649 3672 1881 6444 7755 1937 5024 1841 9354 2791 7762 6534 6613 3936
100 7134 2981 5649 3672 1881 6444 7755 1937 5024 1841 9354 2791 7762 6534 8125 321
455 7134 2981 5649 3672 1881 6444 7755 1937 5024 1841 9354 2791 7762 6534 8125 321
151 7134 2981 5649 3672 1881 6444 7755 1937 5024 1841 9354 2791 7762 6534 8125 321
85 7134 2981 5649 3672 1881 6444 7755 1937 5024 1841 9354 2791 7762 6534 8125 321
466 7134 2981 5649 3672 1881 6444 7755 1937 5024 1841 9354 2791 7762 6534 8125 321
24 7134 2981 5649 3672 1881 6444 7755 1937 5024 1841 9354 2791 7762 6534 8125 79
362 7134 2981 5649 3672 1881 6444 7755 1937 5024 1841 9354 2791 7762 6534 8125 321
74 7134 2981 5649 3672 1881 6444 7755 1937 5024 1841 9354 2791 7762 6534 8125 321
284 7134 2981 5649 3672 1881 6444 7755 1937 5024 1841 9354 2791 7762 6534 8125 321
291 7134 2981 5649 3672 1881 6444 7755 1937 5024 1841 9354 2791 7762 6534 8125 321
308 7134 2981 5649 3672 1881 6444 7755 1937 5024 1841 9354 2791 7762 6534 8125 79
301 7134 2981 5649 3672 1881 6444 7755 1937 5024 1841 9354 2791 7762 6534 6613 3936
267 7134 2981 5649 3672 1881 6444 7755 1937 5024 1841 9354 2791 7762 6534 8125 321
424 7134 2981 5649 3672 1881 6444 7755 1937 5024 1841 9354 2791 7762 6534 4199 6613
420 7134 2981 5649 3672 1881 6444 7755 1937 5024 1841 9354 2791 7762 6534 8125 79
245 7134 2981 5649 3672 1881 6444 7755 1937 5024 1841 9354 2791 7762 6534 8125 321
374 7134 2981 5649 3672 1881 6444 7755 1937 5024 1841 9354 2791 7762 6534 4199 6613
452 7134 2981 5649 3672 1881 6444 7755 1937 5024 1841 9354 2791 7762 6534 9244 321
134 7134 2981 5649 3672 1881 6444 7755 1937 5024 1841 9354 2791 7762 6534 8125 79
305 7134 2981 5649 3672 1881 6444 7755 1937 5024 1841 9354 2791 7762 6534 8125 321
29 7134 2981 5649 3672 1881 6444 7755 1937 5024 1841 9354 2791 7762 6534 8125 79
321 7134 2981 5649 3672 1881 6444 7755 1937 5024 1841 9354 2791 7762 6534 8125 321
232 7134 2981 5649 3672 1881 6444 7755 1937 5024 1841 9354 2791 7762 6534 8125 321
251 7134 2981 5649 3672 1881 6444 7755 1937 5024 1841 9354 2791 7762 6534 8125 321
206 7134 2981 5649 3672 1881 6444 7755 1937 5024 1841 9354 2791 7762 6534 8125 79
394 7134 2981 5649 3672 1881 6444 7755 1937 5024 1841 9354 2791 7762 6534 4199 9968
495 7134 2981 5649 3672 1881 6444 7755 1937 5024 1841 9354 2791 7762 6534 8125 321
62 7134 2981 5649 3672 1881 6444 7755 1937 5024 1841 9354 2791 7762 6534 8125 79
2 7134 2981 5649 3672 1881 6444 7755 1937 5024 1841 9354 2791 7762 6534 8125 321
191 7134 2981 5649 3672 1881 6444 7755 1937 5024 1841 9354 2791 7762 6534 8125 321
327 7134 2981 5649 3672 1881 6444 7755 1937 5024 1841 9354 2791 7762 6534 8125 321
162 7134 2981 5649 3672 1881 6444 7755 1937 5024 1841 9354 2791 7762 6534 6613 3936
462 7134 2981 5649 3672 1881 6444 7755 1937 5024 1841 9354 2791 7762 6534 8125 321
293 7134 2981 5649 3672 1881 6444 7755 1937 5024 1841 9354 2791 7762 6534 4199 6613
42 7134 2981 5649 3672 1881 6444 7755 1937 5024 1841 9354 2791 7762 6534 8125 321
55 7134 2981 5649 3672 1881 6444 7755 1937 5024 1841 9354 2791 7762 6534 8125 321
73 7134 2981 5649 3672 1881 6444 7755 1937 5024 1841 9354 2791 7762 6534 4199 6613
39 7134 2981 5649 3672 1881 6444 7755 1937 5024 1841 9354 2791 7762 6534 8125 321
279 7134 2981 5649 3672 1881 6444 7755 1937 5024 1841 9354 2791 7762 6534 4199 935
53 7134 2981 5649 3672 1881 6444 7755 1937 5024 1841 9354 2791 7762 6534 4199 6613
91 7134 2981 5649 3672 1881 6444 7755 1937 5024 1841 9354 2791 7762 6534 8125 321
6 7134 2981 5649 3672 1881 6444 7755 1937 5024 1841 9354 2791 7762 6534 8125 79
483 7134 2981 5649 3672 1881 6444 7755 1937 5024 1841 9354 2791 7762 6534 8125 321
114 7134 2981 5649 3672 1881 6444 7755 1937 5024 1841 9354 2791 7762 6534 4199 6613
346 7134 2981 5649 3672 1881 6444 7755 1937 5024 1841 9354 2791 7762 6534 4199 935
70 7134 2981 5649 3672 1881 6444 7755 1937 5024 1841 9354 2791 7762 6534 8125 79
4 7134 2981 5649 3672 1881 6444 7755 1937 5024 1841 9354 2791 7762 6534 8125 321
220 7134 2981 5649 3672 1881 6444 7755 1937 5024 1841 9354 2791 7762 6534 4199 935
193 7134 2981 5649 3672 1881 6444 7755 1937 5024 1841 9354 2791 7762 6534 8125 321
184 7134 2981 5649 3672 1881 6444 7755 1937 5024 1841 9354 2791 7762 6534 4199 6613
30 7134 2981 5649 3672 1881 6444 7755 1937 5024 1841 9354 2791 7762 6534 8125 321
84 7134 2981 5649 3672 1881 6444 7755 1937 5024 1841 9354 2791 7762 6534 4199 6613
119 7134 2981 5649 3672 1881 6444 7755 1937 5024 1841 9354 2791 7762 6534 6613 3936
136 7134 2981 5649 3672 1881 6444 7755 1937 5024 1841 9354 2791 7762 6534 6613 3936
438 7134 2981 5649 3672 1881 6444 7755 1937 5024 1841 9354 2791 7762 6534 8125 321
164 7134 2981 5649 3672 1881 6444 7755 1937 5024 1841 9354 2791 7762 6534 8125 321
5 7134 2981 5649 3672 1881 6444 7755 1937 5024 1841 9354 2791 7762 6534 8125 321
21 7134 2981 5649 3672 1881 6444 7755 1937 5024 1841 9354 2791 7762 6534 8125 79
87 7134 2981 5649 3672 1881 6444 7755 1937 5024 1841 9354 2791 7762 6534 8125 321
341 7134 2981 5649 3672 1881 6444 7755 1937 5024 1841 9354 2791 7762 6534 6613 3936
413 7134 2981 5649 3672 1881 6444 7755 1937 5024 1841 9354 2791 7762 6534 8125 321
493 7134 2981 5649 3672 1881 6444 7755 1937 5024 1841 9354 2791 7762 6534 4199 6613
454 7134 2981 5649 3672 1881 6444 7755 1937 5024 1841 9354 2791 7762 6534 8125 321
154 7134 2981 5649 3672 1881 6444 7755 1937 5024 1841 9354 2791 7762 6534 8125 321
175 7134 2981 5649 3672 1881 6444 7755 1937 5024 1841 9354 2791 7762 6534 8125 321
44 7134 2981 5649 3672 1881 6444 7755 1937 5024 1841 9354 2791 7762 6534 8125 321
250 7134 2981 5649 3672 1881 6444 7755 1937 5024 1841 9354 2791 7762 6534 8125 321
82 7134 2981 5649 3672 1881 6444 7755 1937 5024 1841 9354 2791 7762 6534 8125 321
122 7134 2981 5649 3672 1881 6444 7755 1937 5024 1841 9354 2791 7762 6534 8125 321
226 7134 2981 5649 3672 1881 6444 7755 1937 5024 1841 9354 2791 7762 6534 8125 321
269 7134 2981 5649 3672 1881 6444 7755 1937 5024 1841 9354 2791 7762 6534 8125 321
259 7134 2981 5649 3672 1881 6444 7755 1937 5024 1841 9354 2791 7762 6534 8125 321
352 7134 2981 5649 3672 1881 6444 7755 1937 5024 1841 9354 2791 7762 6534 8125 321
473 7134 2981 5649 3672 1881 6444 7755 1937 5024 1841 9354 2791 7762 6534 8125 321
247 7134 2981 5649 3672 1881 6444 7755 1937 5024 1841 9354 2791 7762 6534 4199 6613
418 7134 2981 5649 3672 1881 6444 7755 1937 5024 1841 9354 2791 7762 6534 6613 3936
242 7134 2981 5649 3672 1881 6444 7755 1937 5024 1841 9354 2791 7762 6534 8125 79
181 7134 2981 5649 3672 1881 6444 7755 1937 5024 1841 9354 2791 7762 6534 8125 321
188 7134 2981 5649 3672 1881 6444 7755 1937 5024 1841 9354 2791 7762 6534 8125 321
398 7134 2981 5649 3672 1881 6444 7755 1937 5024 1841 9354 2791 7762 6534 8125 321
149 7134 2981 5649 3672 1881 6444 7755 1937 5024 1841 9354 2791 7762 6534 8125 321
456 7134 2981 5649 3672 1881 6444 7755 1937 5024 1841 9354 2791 7762 6534 8125 321
28 7134 2981 5649 3672 1881 6444 7755 1937 5024 1841 9354 2791 7762 6534 8125 321
471 7134 2981 5649 3672 1881 6444 7755 1937 5024 1841 9354 2791 7762 6534 8125 321
13 7134 2981 5649 3672 1881 6444 7755 1937 5024 1841 9354 2791 7762 6534 8125 321
197 7134 2981 5649 3672 1881 6444 7755 1937 5024 1841 9354 2791 7762 6534 8125 321
373 7134 2981 5649 3672 1881 6444 7755 1937 5024 1841 9354 2791 7762 6534 6613 3936
179 7134 2981 5649 3672 1881 6444 7755 1937 5024 1841 9354 2791 7762 6534 8125 79
135 7134 2981 5649 3672 1881 6444 7755 1937 5024 1841 9354 2791 7762 6534 8125 321
331 7134 2981 5649 3672 1881 6444 7755 1937 5024 1841 9354 2791 7762 6534 8125 321
145 7134 2981 5649 3672 1881 6444 7755 1937 5024 1841 9354 2791 7762 6534 8125 321
92 7134 2981 5649 3672 1881 6444 7755 1937 5024 1841 9354 2791 7762 6534 8125 321
123 7134 2981 5649 3672 1881 6444 7755 1937 5024 1841 9354 2791 7762 6534 8125 79
139 7134 2981 5649 3672 1881 6444 7755 1937 5024 1841 9354 2791 7762 6534 8125 79
337 7134 2981 5649 3672 1881 6444 7755 1937 5024 1841 9354 2791 7762 6534 8125 79
211 7134 2981 5649 3672 1881 6444 7755 1937 5024 1841 9354 2791 7762 6534 4199 935
239 7134 2981 5649 3672 1881 6444 7755 1937 5024 1841 9354 2791 7762 6534 4199 6613
31 7134 2981 5649 3672 1881 6444 7755 1937 5024 1841 9354 2791 7762 6534 8125 321
459 7134 2981 5649 3672 1881 6444 7755 1937 5024 1841 9354 2791 7762 6534 8125 321
297 7134 2981 5649 3672 1881 6444 7755 1937 5024 1841 9354 2791 7762 6534 8125 321
289 7134 2981 5649 3672 1881 6444 7755 1937 5024 1841 9354 2791 7762 6534 8125 79
421 7134 2981 5649 3672 1881 6444 7755 1937 5024 1841 9354 2791 7762 6534 8125 321
204 7134 2981 5649 3672 1881 6444 7755 1937 5024 1841 9354 2791 7762 6534 8125 321
453 7134 2981 5649 3672 1881 6444 7755 1937 5024 1841 9354 2791 7762 6534 4199 6613
319 7134 2981 5649 3672 1881 6444 7755 1937 5024 1841 9354 2791 7762 6534 8125 321
318 7134 2981 5649 3672 1881 6444 7755 1937 5024 1841 9354 2791 7762 6534 8125 79
336 7134 2981 5649 3672 1881 6444 7755 1937 5024 1841 9354 2791 7762 6534 8125 321
216 7134 2981 5649 3672 1881 6444 7755 1937 5024 1841 9354 2791 7762 6534 8125 321
210 7134 2981 5649 3672 1881 6444 7755 1937 5024 1841 9354 2791 7762 6534 8125 321
382 7134 2981 5649 3672 1881 6444 7755 1937 5024 1841 9354 2791 7762 6534 8125 321
26 7134 2981 5649 3672 1881 6444 7755 1937 5024 1841 9354 2791 7762 6534 4199 6613
430 7134 2981 5649 3672 1881 6444 7755 1937 5024 1841 9354 2791 7762 6534 8125 321
386 7134 2981 5649 3672 1881 6444 7755 1937 5024 1841 9354 2791 7762 6534 4199 6613
342 7134 2981 5649 3672 1881 6444 7755 1937 5024 1841 9354 2791 7762 6534 8125 79
71 7134 2981 5649 3672 1881 6444 7755 1937 5024 1841 9354 2791 7762 6534 8125 321
27 7134 2981 5649 3672 1881 6444 7755 1937 5024 1841 9354 2791 7762 6534 8125 321
66 7134 2981 5649 3672 1881 6444 7755 1937 5024 1841 9354 2791 7762 6534 8125 321
38 7134 2981 5649 3672 1881 6444 7755 1937 5024 1841 9354 2791 7762 6534 8125 79
467 7134 2981 5649 3672 1881 6444 7755 1937 5024 1841 9354 2791 7762 6534 4199 321 5715
266 7134 2981 5649 3672 1881 6444 7755 1937 5024 1841 9354 2791 7762 6534 4199 6613
274 7134 2981 5649 3672 1881 6444 7755 1937 5024 1841 9354 2791 7762 6534 8125 321
360 7134 2981 5649 3672 1881 6444 7755 1937 5024 1841 9354 2791 7762 6534 4199 6613
439 7134 2981 5649 3672 1881 6444 7755 1937 5024 1841 9354 2791 7762 6534 8125 79
17 7134 2981 5649 3672 1881 6444 7755 1937 5024 1841 9354 2791 7762 6534 8125 321
111 7134 2981 5649 3672 1881 6444 7755 1937 5024 1841 9354 2791 7762 6534 8125 321
429 7134 2981 5649 3672 1881 6444 7755 1937 5024 1841 9354 2791 7762 6534 4199 935
89 7134 2981 5649 3672 1881 6444 7755 1937 5024 1841 9354 2791 7762 6534 8125 321
238 7134 2981 5649 3672 1881 6444 7755 1937 5024 1841 9354 2791 7762 6534 8125 321
47 7134 2981 5649 3672 1881 6444 7755 1937 5024 1841 9354 2791 7762 6534 4199 935
7 7134 2981 5649 3672 1881 6444 7755 1937 5024 1841 9354 2791 7762 6534 8125 321
326 7134 2981 5649 3672 1881 6444 7755 1937 5024 1841 9354 2791 7762 6534 8125 321
117 7134 2981 5649 3672 1881 6444 7755 1937 5024 1841 9354 2791 7762 6534 8125 321
488 7134 2981 5649 3672 1881 6444 7755 1937 5024 1841 9354 2791 7762 6534 8125 321
174 7134 2981 5649 3672 1881 6444 7755 1937 5024 1841 9354 2791 7762 6534 8125 321
303 7134 2981 5649 3672 1881 6444 7755 1937 5024 1841 9354 2791 7762 6534 4199 6613
80 7134 2981 5649 3672 1881 6444 7755 1937 5024 1841 9354 2791 7762 6534 8125 321
401 7134 2981 5649 3672 1881 6444 7755 1937 5024 1841 9354 2791 7762 6534 8125 321
447 7134 2981 5649 3672 1881 6444 7755 1937 5024 1841 9354 2791 7762 6534 8125 321
249 7134 2981 5649 3672 1881 6444 7755 1937 5024 1841 9354 2791 7762 6534 8125 321
33 7134 2981 5649 3672 1881 6444 7755 1937 5024 1841 9354 2791 7762 6534 8125 79
322 7134 2981 5649 3672 1881 6444 7755 1937 5024 1841 9354 2791 7762 6534 8125 321
461 7134 2981 5649 3672 1881 6444 7755 1937 5024 1841 9354 2791 7762 6534 8125 321
357 7134 2981 5649 3672 1881 6444 7755 1937 5024 1841 9354 2791 7762 6534 8125 321
202 7134 2981 5649 3672 1881 6444 7755 1937 5024 1841 9354 2791 7762 6534 8125 321
99 7134 2981 5649 3672 1881 6444 7755 1937 5024 1841 9354 2791 7762 6534 8125 79
186 7134 2981 5649 3672 1881 6444 7755 1937 5024 1841 9354 2791 7762 6534 4199 6613
199 7134 2981 5649 3672 1881 6444 7755 1937 5024 1841 9354 2791 7762 6534 8125 321
160 7134 2981 5649 3672 1881 6444 7755 1937 5024 1841 9354 2791 7762 6534 8125 321
277 7134 2981 5649 3672 1881 6444 7755 1937 5024 1841 9354 2791 7762 6534 8125 321
296 7134 2981 5649 3672 1881 6444 7755 1937 5024 1841 9354 2791 7762 6534 8125 321
478 7134 2981 5649 3672 1881 6444 7755 1937 5024 1841 9354 2791 7762 6534 8125 321
490 7134 2981 5649 3672 1881 6444 7755 1937 5024 1841 9354 2791 7762 6534 8125 321
76 7134 2981 5649 3672 1881 6444 7755 1937 5024 1841 9354 2791 7762 6534 8125 321
278 7134 2981 5649 3672 1881 6444 7755 1937 5024 1841 9354 2791 7762 6534 6613 3936
77 7134 2981 5649 3672 1881 6444 7755 1937 5024 1841 9354 2791 7762 6534 8125 321
264 7134 2981 5649 3672 1881 6444 7755 1937 5024 1841 9354 2791 7762 6534 8125 321
35 7134 2981 5649 3672 1881 6444 7755 1937 5024 1841 9354 2791 7762 6534 8125 321
165 7134 2981 5649 3672 1881 6444 7755 1937 5024 1841 9354 2791 7762 6534 8125 321
463 7134 2981 5649 3672 1881 6444 7755 1937 5024 1841 9354 2791 7762 6534 8125 321
52 7134 2981 5649 3672 1881 6444 7755 1937 5024 1841 9354 2791 7762 6534 8125 321
379 7134 2981 5649 3672 1881 6444 7755 1937 5024 1841 9354 2791 7762 6534 8125 321
25 7134 2981 5649 3672 1881 6444 7755 1937 5024 1841 9354 2791 7762 6534 9244 321
144 7134 2981 5649 3672 1881 6444 7755 1937 5024 1841 9354 2791 7762 6534 8125 79
46 7134 2981 5649 3672 1881 6444 7755 1937 5024 1841 9354 2791 7762 6534 8125 321
153 7134 2981 5649 3672 1881 6444 7755 1937 5024 1841 9354 2791 7762 6534 8125 79
231 7134 2981 5649 3672 1881 6444 7755 1937 5024 1841 9354 2791 7762 6534 8125 321
402 7134 2981 5649 3672 1881 6444 7755 1937 5024 1841 9354 2791 7762 6534 8125 321
36 7134 2981 5649 3672 1881 6444 7755 1937 5024 1841 9354 2791 7762 6534 8125 79
1 7134 2981 5649 3672 1881 6444 7755 1937 5024 1841 9354 2791 7762 6534 8125 321
124 7134 2981 5649 3672 1881 6444 7755 1937 5024 1841 9354 2791 7762 6534 8125 79
228 7134 2981 5649 3672 1881 6444 7755 1937 5024 1841 9354 2791 7762 6534 8125 321
381 7134 2981 5649 3672 1881 6444 7755 1937 5024 1841 9354 2791 7762 6534 8125 321
487 7134 2981 5649 3672 1881 6444 7755 1937 5024 1841 9354 2791 7762 6534 8125 321
416 7134 2981 5649 3672 1881 6444 7755 1937 5024 1841 9354 2791 7762 6534 4199 6613
260 7134 2981 5649 3672 1881 6444 7755 1937 5024 1841 9354 2791 7762 6534 8125 321
146 7134 2981 5649 3672 1881 6444 7755 1937 5024 1841 9354 2791 7762 6534 8125 5715
97 7134 2981 5649 3672 1881 6444 7755 1937 5024 1841 9354 2791 7762 6534 4199 6613
365 7134 2981 5649 3672 1881 6444 7755 1937 5024 1841 9354 2791 7762 6534 8125 321
102 7134 2981 5649 3672 1881 6444 7755 1937 5024 1841 9354 2791 7762 6534 8125 321
106 7134 2981 5649 3672 1881 6444 7755 1937 5024 1841 9354 2791 7762 6534 6613 3936
167 7134 2981 5649 3672 1881 6444 7755 1937 5024 1841 9354 2791 7762 6534 8125 321
163 7134 2981 5649 3672 1881 6444 7755 1937 5024 1841 9354 2791 7762 6534 4199 6613
241 7134 2981 5649 3672 1881 6444 7755 1937 5024 1841 9354 2791 7762 6534 8125 321
217 7134 2981 5649 3672 1881 6444 7755 1937 5024 1841 9354 2791 7762 6534 4199 935
404 7134 2981 5649 3672 1881 6444 7755 1937 5024 1841 9354 2791 7762 6534 8125 321
451 7134 2981 5649 3672 1881 6444 7755 1937 5024 1841 9354 2791 7762 6534 8125 321
255 7134 2981 5649 3672 1881 6444 7755 1937 5024 1841 9354 2791 7762 6534 8125 79
363 7134 2981 5649 3672 1881 6444 7755 1937 5024 1841 9354 2791 7762 6534 4199 6613
236 7134 2981 5649 3672 1881 6444 7755 1937 5024 1841 9354 2791 7762 6534 8125 321
391 7134 2981 5649 3672 1881 6444 7755 1937 5024 1841 9354 2791 7762 6534 4199 935
105 7134 2981 5649 3672 1881 6444 7755 1937 5024 1841 9354 2791 7762 6534 8125 79
481 7134 2981 5649 3672 1881 6444 7755 1937 5024 1841 9354 2791 7762 6534 8125 321
434 7134 2981 5649 3672 1881 6444 7755 1937 5024 1841 9354 2791 7762 6534 8125 321
281 7134 2981 5649 3672 1881 6444 7755 1937 5024 1841 9354 2791 7762 6534 8125 321
316 7134 2981 5649 3672 1881 6444 7755 1937 5024 1841 9354 2791 7762 6534 8125 321
410 7134 2981 5649 3672 1881 6444 7755 1937 5024 1841 9354 2791 7762 6534 6613 3936
276 7134 2981 5649 3672 1881 6444 7755 1937 5024 1841 9354 2791 7762 6534 8125 321
115 7134 2981 5649 3672 1881 6444 7755 1937 5024 1841 9354 2791 7762 6534 8125 321
233 7134 2981 5649 3672 1881 6444 7755 1937 5024 1841 9354 2791 7762 6534 8125 321
214 7134 2981 5649 3672 1881 6444 7755 1937 5024 1841 9354 2791 7762 6534 4199 6613
371 7134 2981 5649 3672 1881 6444 7755 1937 5024 1841 9354 2791 7762 6534 8125 321
34 7134 2981 5649 3672 1881 6444 7755 1937 5024 1841 9354 2791 7762 6534 4199 935
227 7134 2981 5649 3672 1881 6444 7755 1937 5024 1841 9354 2791 7762 6534 8125 321
405 7134 2981 5649 3672 1881 6444 7755 1937 5024 1841 9354 2791 7762 6534 8125 321
261 7134 2981 5649 3672 1881 6444 7755 1937 5024 1841 9354 2791 7762 6534 8125 79
428 7134 2981 5649 3672 1881 6444 7755 1937 5024 1841 9354 2791 7762 6534 8125 321
130 7134 2981 5649 3672 1881 6444 7755 1937 5024 1841 9354 2791 7762 6534 6613 3936
328 7134 2981 5649 3672 1881 6444 7755 1937 5024 1841 9354 2791 7762 6534 6613 3936
295 7134 2981 5649 3672 1881 6444 7755 1937 5024 1841 9354 2791 7762 6534 8125 79
479 7134 2981 5649 3672 1881 6444 7755 1937 5024 1841 9354 2791 7762 6534 8125 79
63 7134 2981 5649 3672 1881 6444 7755 1937 5024 1841 9354 2791 7762 6534 4199 6613
268 7134 2981 5649 3672 1881 6444 7755 1937 5024 1841 9354 2791 7762 6534 6613 3936
12 7134 2981 5649 3672 1881 6444 7755 1937 5024 1841 9354 2791 7762 6534 3074 935
317 7134 2981 5649 3672 1881 6444 7755 1937 5024 1841 9354 2791 7762 6534 4199 935
120 7134 2981 5649 3672 1881 6444 7755 1937 5024 1841 9354 2791 7762 6534 6613 3936
385 7134 2981 5649 3672 1881 6444 7755 1937 5024 1841 9354 2791 7762 6534 8125 321
300 7134 2981 5649 3672 1881 6444 7755 1937 5024 1841 9354 2791 7762 6534 8125 79
290 7134 2981 5649 3672 1881 6444 7755 1937 5024 1841 9354 2791 7762 6534 8125 321
133 7134 2981 5649 3672 1881 6444 7755 1937 5024 1841 9354 2791 7762 6534 8125 321
159 7134 2981 5649 3672 1881 6444 7755 1937 5024 1841 9354 2791 7762 6534 4199 6613
101 7134 2981 5649 3672 1881 6444 7755 1937 5024 1841 9354 2791 7762 6534 8125 321
23 7134 2981 5649 3672 1881 6444 7755 1937 5024 1841 9354 2791 7762 6534 8125 79
310 7134 2981 5649 3672 1881 6444 7755 1937 5024 1841 9354 2791 7762 6534 8125 321
389 7134 2981 5649 3672 1881 6444 7755 1937 5024 1841 9354 2791 7762 6534 8125 321
81 7134 2981 5649 3672 1881 6444 7755 1937 5024 1841 9354 2791 7762 6534 4199 6613
69 7134 2981 5649 3672 1881 6444 7755 1937 5024 1841 9354 2791 7762 6534 8125 321
285 7134 2981 5649 3672 1881 6444 7755 1937 5024 1841 9354 2791 7762 6534 8125 321
147 7134 2981 5649 3672 1881 6444 7755 1937 5024 1841 9354 2791 7762 6534 8125 321
258 7134 2981 5649 3672 1881 6444 7755 1937 5024 1841 9354 2791 7762 6534 8125 321
395 7134 2981 5649 3672 1881 6444 7755 1937 5024 1841 9354 2791 7762 6534 8125 321
292 7134 2981 5649 3672 1881 6444 7755 1937 5024 1841 9354 2791 7762 6534 8125 79
83 7134 2981 5649 3672 1881 6444 7755 1937 5024 1841 9354 2791 7762 6534 8125 321
137 7134 2981 5649 3672 1881 6444 7755 1937 5024 1841 9354 2791 7762 6534 8125 321
158 7134 2981 5649 3672 1881 6444 7755 1937 5024 1841 9354 2791 7762 6534 8125 321
366 7134 2981 5649 3672 1881 6444 7755 1937 5024 1841 9354 2791 7762 6534 8125 321
112 7134 2981 5649 3672 1881 6444 7755 1937 5024 1841 9354 2791 7762 6534 8125 321
41 7134 2981 5649 3672 1881 6444 7755 1937 5024 1841 9354 2791 7762 6534 8125 321
378 7134 2981 5649 3672 1881 6444 7755 1937 5024 1841 9354 2791 7762 6534 8125 321
320 7134 2981 5649 3672 1881 6444 7755 1937 5024 1841 9354 2791 7762 6534 8125 321
190 7134 2981 5649 3672 1881 6444 7755 1937 5024 1841 9354 2791 7762 6534 8125 321
128 7134 2981 5649 3672 1881 6444 7755 1937 5024 1841 9354 2791 7762 6534 8125 321
237 7134 2981 5649 3672 1881 6444 7755 1937 5024 1841 9354 2791 7762 6534 8125 321
68 7134 2981 5649 3672 1881 6444 7755 1937 5024 1841 9354 2791 7762 6534 4199 6613
419 7134 2981 5649 3672 1881 6444 7755 1937 5024 1841 9354 2791 7762 6534 8125 321
171 7134 2981 5649 3672 1881 6444 7755 1937 5024 1841 9354 2791 7762 6534 4199 935
288 7134 2981 5649 3672 1881 6444 7755 1937 5024 1841 9354 2791 7762 6534 8125 321
309 7134 2981 5649 3672 1881 6444 7755 1937 5024 1841 9354 2791 7762 6534 4199 935
103 7134 2981 5649 3672 1881 6444 7755 1937 5024 1841 9354 2791 7762 6534 6613 3936
223 7134 2981 5649 3672 1881 6444 7755 1937 5024 1841 9354 2791 7762 6534 8125 321
417 7134 2981 5649 3672 1881 6444 7755 1937 5024 1841 9354 2791 7762 6534 8125 321
256 7134 2981 5649 3672 1881 6444 7755 1937 5024 1841 9354 2791 7762 6534 8125 79
306 7134 2981 5649 3672 1881 6444 7755 1937 5024 1841 9354 2791 7762 6534 8125 79
271 7134 2981 5649 3672 1881 6444 7755 1937 5024 1841 9354 2791 7762 6534 8125 321
152 7134 2981 5649 3672 1881 6444 7755 1937 5024 1841 9354 2791 7762 6534 4199 6613
286 7134 2981 5649 3672 1881 6444 7755 1937 5024 1841 9354 2791 7762 6534 8125 321
351 7134 2981 5649 3672 1881 6444 7755 1937 5024 1841 9354 2791 7762 6534 8125 321
388 7134 2981 5649 3672 1881 6444 7755 1937 5024 1841 9354 2791 7762 6534 8125 321
377 7134 2981 5649 3672 1881 6444 7755 1937 5024 1841 9354 2791 7762 6534 8125 321
347 7134 2981 5649 3672 1881 6444 7755 1937 5024 1841 9354 2791 7762 6534 8125 79
51 7134 2981 5649 3672 1881 6444 7755 1937 5024 1841 9354 2791 7762 6534 8125 79
254 7134 2981 5649 3672 1881 6444 7755 1937 5024 1841 9354 2791 7762 6534 8125 321
383 7134 2981 5649 3672 1881 6444 7755 1937 5024 1841 9354 2791 7762 6534 8125 79
443 7134 2981 5649 3672 1881 6444 7755 1937 5024 1841 9354 2791 7762 6534 8125 79
287 7134 2981 5649 3672 1881 6444 7755 1937 5024 1841 9354 2791 7762 6534 8125 321
298 7134 2981 5649 3672 1881 6444 7755 1937 5024 1841 9354 2791 7762 6534 8125 321
435 7134 2981 5649 3672 1881 6444 7755 1937 5024 1841 9354 2791 7762 6534 8125 321
104 7134 2981 5649 3672 1881 6444 7755 1937 5024 1841 9354 2791 7762 6534 8125 321
110 7134 2981 5649 3672 1881 6444 7755 1937 5024 1841 9354 2791 7762 6534 8125 321
436 7134 2981 5649 3672 1881 6444 7755 1937 5024 1841 9354 2791 7762 6534 8125 321
118 7134 2981 5649 3672 1881 6444 7755 1937 5024 1841 9354 2791 7762 6534 8125 321
127 7134 2981 5649 3672 1881 6444 7755 1937 5024 1841 9354 2791 7762 6534 8125 321
448 7134 2981 5649 3672 1881 6444 7755 1937 5024 1841 9354 2791 7762 6534 8125 321
65 7134 2981 5649 3672 1881 6444 7755 1937 5024 1841 9354 2791 7762 6534 8125 321
263 7134 2981 5649 3672 1881 6444 7755 1937 5024 1841 9354 2791 7762 6534 4199 6613
492 7134 2981 5649 3672 1881 6444 7755 1937 5024 1841 9354 2791 7762 6534 8125 321
411 7134 2981 5649 3672 1881 6444 7755 1937 5024 1841 9354 2791 7762 6534 8125 321
200 7134 2981 5649 3672 1881 6444 7755 1937 5024 1841 9354 2791 7762 6534 8125 79
361 7134 2981 5649 3672 1881 6444 7755 1937 5024 1841 9354 2791 7762 6534 8125 321
109 7134 2981 5649 3672 1881 6444 7755 1937 5024 1841 9354 2791 7762 6534 8125 321
409 7134 2981 5649 3672 1881 6444 7755 1937 5024 1841 9354 2791 7762 6534 8125 321
14 7134 2981 5649 3672 1881 6444 7755 1937 5024 1841 9354 2791 7762 6534 8125 321
355 7134 2981 5649 3672 1881 6444 7755 1937 5024 1841 9354 2791 7762 6534 4199 935
491 7134 2981 5649 3672 1881 6444 7755 1937 5024 1841 9354 2791 7762 6534 6613 3936
131 7134 2981 5649 3672 1881 6444 7755 1937 5024 1841 9354 2791 7762 6534 8125 79
444 7134 2981 5649 3672 1881 6444 7755 1937 5024 1841 9354 2791 7762 6534 8125 321
396 7134 2981 5649 3672 1881 6444 7755 1937 5024 1841 9354 2791 7762 6534 8125 79
234 7134 2981 5649 3672 1881 6444 7755 1937 5024 1841 9354 2791 7762 6534 8125 79
460 7134 2981 5649 3672 1881 6444 7755 1937 5024 1841 9354 2791 7762 6534 4199 6613
157 7134 2981 5649 3672 1881 6444 7755 1937 5024 1841 9354 2791 7762 6534 8125 321
299 7134 2981 5649 3672 1881 6444 7755 1937 5024 1841 9354 2791 7762 6534 6613 3936
253 7134 2981 5649 3672 1881 6444 7755 1937 5024 1841 9354 2791 7762 6534 4199 6613
229 7134 2981 5649 3672 1881 6444 7755 1937 5024 1841 9354 2791 7762 6534 8125 79
393 7134 2981 5649 3672 1881 6444 7755 1937 5024 1841 9354 2791 7762 6534 8125 321
56 7134 2981 5649 3672 1881 6444 7755 1937 5024 1841 9354 2791 7762 6534 8125 321
176 7134 2981 5649 3672 1881 6444 7755 1937 5024 1841 9354 2791 7762 6534 8125 321
88 7134 2981 5649 3672 1881 6444 7755 1937 5024 1841 9354 2791 7762 6534 8125 321
312 7134 2981 5649 3672 1881 6444 7755 1937 5024 1841 9354 2791 7762 6534 8125 321
270 7134 2981 5649 3672 1881 6444 7755 1937 5024 1841 9354 2791 7762 6534 4199 6613
407 7134 2981 5649 3672 1881 6444 7755 1937 5024 1841 9354 2791 7762 6534 8125 321
208 7134 2981 5649 3672 1881 6444 7755 1937 5024 1841 9354 2791 7762 6534 8125 321
213 7134 2981 5649 3672 1881 6444 7755 1937 5024 1841 9354 2791 7762 6534 8125 321
465 7134 2981 5649 3672 1881 6444 7755 1937 5024 1841 9354 2791 7762 6534 6613 3936
375 7134 2981 5649 3672 1881 6444 7755 1937 5024 1841 9354 2791 7762 6534 8125 79
116 7134 2981 5649 3672 1881 6444 7755 1937 5024 1841 9354 2791 7762 6534 8125 321
372 7134 2981 5649 3672 1881 6444 7755 1937 5024 1841 9354 2791 7762 6534 8125 321
182 7134 2981 5649 3672 1881 6444 7755 1937 5024 1841 9354 2791 7762 6534 8125 321
45 7134 2981 5649 3672 1881 6444 7755 1937 5024 1841 9354 2791 7762 6534 8125 321
283 7134 2981 5649 3672 1881 6444 7755 1937 5024 1841 9354 2791 7762 6534 8125 321
195 1336 583 847 8786 6554 468 8493 5115 2979 5386 6338 8424 7734 2730 2003 5295 1982 7498 7193 8431 6054 321
345 1336 583 847 8786 6554 468 8493 5115 2979 5386 6338 8424 7734 2730 2003 5295 1982 7498 7193 8431 6054 321
140 1336 583 847 8786 6554 468 8493 5115 2979 5386 6338 8424 7734 2730 2003 5295 1982 7498 7193 8431 6054 321
72 1336 583 847 8786 6554 468 8493 5115 2979 5386 6338 8424 7734 2730 2003 5295 1982 7498 7193 8431 6054 79
458 1336 583 847 8786 6554 468 8493 5115 2979 5386 6338 8424 7734 2730 2003 5295 1982 7498 7193 8431 6054 321
338 1336 583 847 8786 6554 468 8493 5115 2979 5386 6338 8424 7734 2730 2003 5295 1982 7498 7193 8431 6054 321
98 1336 583 847 8786 6554 468 8493 5115 2979 5386 6338 8424 7734 2730 2003 5295 1982 7498 7193 8431 6054 321
457 1336 583 847 8786 6554 468 8493 5115 2979 5386 6338 8424 7734 2730 2003 5295 1982 7498 7193 8431 6054 321
477 1336 583 847 8786 6554 468 8493 5115 2979 5386 6338 8424 7734 2730 2003 5295 1982 7498 7193 8431 6054 321
95 1336 583 847 8786 6554 468 8493 5115 2979 5386 6338 8424 7734 2730 2003 5295 1982 7498 7193 8431 6054 321
440 1336 583 847 8786 6554 468 8493 5115 2979 5386 6338 8424 7734 2730 2003 5295 1982 7498 7193 8431 6054 321
90 1336 583 847 8786 6554 468 8493 5115 2979 5386 6338 8424 7734 2730 2003 5295 1982 7498 7193 8431 6054 79
325 1336 583 847 8786 6554 468 8493 5115 2979 5386 6338 8424 7734 2730 2003 5295 1982 7498 7193 8431 6054 321
307 1336 583 847 8786 6554 468 8493 5115 2979 5386 6338 8424 7734 2730 2003 5295 1982 7498 7193 8431 6054 321
203 1336 583 847 8786 6554 468 8493 5115 2979 5386 6338 8424 7734 2730 2003 5295 1982 7498 7193 8431 6054 321
222 1336 583 847 8786 6554 468 8493 5115 2979 5386 6338 8424 7734 2730 2003 5295 1982 7498 7193 8431 6054 79
215 1336 583 847 8786 6554 468 8493 5115 2979 5386 6338 8424 7734 2730 2003 5295 1982 7498 7193 8431 6054 321
252 1336 583 847 8786 6554 468 8493 5115 2979 5386 6338 8424 7734 2730 2003 5295 1982 7498 7193 8431 6054 321
470 1336 583 847 8786 6554 468 8493 5115 2979 5386 6338 8424 7734 2730 2003 5295 1982 7498 7193 8431 6054 79
494 1336 583 847 8786 6554 468 8493 5115 2979 5386 6338 8424 7734 2730 2003 5295 1982 7498 7193 8431 6054 321
324 1336 583 847 8786 6554 468 8493 5115 2979 5386 6338 8424 7734 2730 2003 5295 1982 7498 7193 8431 6054 321
273 1336 583 847 8786 6554 468 8493 5115 2979 5386 6338 8424 7734 2730 2003 5295 1982 7498 7193 8431 6054 321
406 1336 583 847 8786 6554 468 8493 5115 2979 5386 6338 8424 7734 2730 2003 5295 1982 7498 7193 8431 6054 321
57 1336 583 847 8786 6554 468 8493 5115 2979 5386 6338 8424 7734 2730 2003 5295 1982 7498 7193 8431 6054 321
201 1336 583 847 8786 6554 468 8493 5115 2979 5386 6338 8424 7734 2730 2003 5295 1982 7498 7193 8431 6054 321
194 1336 583 847 8786 6554 468 8493 5115 2979 5386 6338 8424 7734 2730 2003 5295 1982 7498 7193 8431 6054 321
480 1336 583 847 8786 6554 468 8493 5115 2979 5386 6338 8424 7734 2730 2003 5295 1982 7498 7193 8431 6054 321
468 1336 583 847 8786 6554 468 8493 5115 2979 5386 6338 8424 7734 2730 2003 5295 1982 7498 7193 8431 6054 321
282 1336 583 847 8786 6554 468 8493 5115 2979 5386 6338 8424 7734 2730 2003 5295 1982 7498 7193 8431 6054 321
32 1336 583 847 8786 6554 468 8493 5115 2979 5386 6338 8424 7734 2730 2003 5295 1982 7498 7193 8431 6054 321
138 1336 583 847 8786 6554 468 8493 5115 2979 5386 6338 8424 7734 2730 2003 5295 1982 7498 7193 8431 6054 321
332 1336 583 847 8786 6554 468 8493 5115 2979 5386 6338 8424 7734 2730 2003 5295 1982 7498 7193 8431 6054 321
209 1336 583 847 8786 6554 468 8493 5115 2979 5386 6338 8424 7734 2730 2003 5295 1982 7498 7193 8431 6054 321
313 1336 583 847 8786 6554 468 8493 5115 2979 5386 6338 8424 7734 2730 2003 5295 1982 7498 7193 8431 6054 321
224 1336 583 847 8786 6554 468 8493 5115 2979 5386 6338 8424 7734 2730 2003 5295 1982 7498 7193 8431 6054 321
414 1336 583 847 8786 6554 468 8493 5115 2979 5386 6338 8424 7734 2730 2003 5295 1982 7498 7193 8431 6054 321
185 1336 583 847 8786 6554 468 8493 5115 2979 5386 6338 8424 7734 2730 2003 5295 1982 7498 7193 8431 6054 321
475 1336 583 847 8786 6554 468 8493 5115 2979 5386 6338 8424 7734 2730 2003 5295 1982 7498 7193 8431 6054 321
155 1336 583 847 8786 6554 468 8493 5115 2979 5386 6338 8424 7734 2730 2003 5295 1982 7498 7193 8431 6054 321
380 1336 583 847 8786 6554 468 8493 5115 2979 5386 6338 8424 7734 2730 2003 5295 1982 7498 7193 8431 6054 321
3 1336 583 847 8786 6554 468 8493 5115 2979 5386 6338 8424 7734 2730 2003 5295 1982 7498 7193 8431 6054 321
218 1336 583 847 8786 6554 468 8493 5115 2979 5386 6338 8424 7734 2730 2003 5295 1982 7498 7193 8431 6054 5715
0 1336 583 847 8786 6554 468 8493 5115 2979 5386 6338 8424 7734 2730 2003 5295 1982 7498 7193 8431 6054 321
16 1336 583 847 8786 6554 468 8493 5115 2979 5386 6338 8424 7734 2730 2003 5295 1982 7498 7193 8431 6054 321
469 1336 583 847 8786 6554 468 8493 5115 2979 5386 6338 8424 7734 2730 2003 5295 1982 7498 7193 8431 6054 321
173 1336 583 847 8786 6554 468 8493 5115 2979 5386 6338 8424 7734 2730 2003 5295 1982 7498 7193 8431 6054 321
397 1336 583 847 8786 6554 468 8493 5115 2979 5386 6338 8424 7734 2730 2003 5295 1982 7498 7193 8431 6054 321
243 1336 583 847 8786 6554 468 8493 5115 2979 5386 6338 8424 7734 2730 2003 5295 1982 7498 7193 8431 6054 321
15 1336 583 847 8786 6554 468 8493 5115 2979 5386 6338 8424 7734 2730 2003 5295 1982 7498 7193 8431 6054 321
275 1336 583 847 8786 6554 468 8493 5115 2979 5386 6338 8424 7734 2730 2003 5295 1982 7498 7193 8431 6054 321
235 1336 583 847 8786 6554 468 8493 5115 2979 5386 6338 8424 7734 2730 2003 5295 1982 7498 7193 8431 6054 321
150 1336 583 847 8786 6554 468 8493 5115 2979 5386 6338 8424 7734 2730 2003 5295 1982 7498 7193 8431 6054 321
169 1336 583 847 8786 6554 468 8493 5115 2979 5386 6338 8424 7734 2730 2003 5295 1982 7498 7193 8431 6054 321
474 1336 583 847 8786 6554 468 8493 5115 2979 5386 6338 8424 7734 2730 2003 5295 1982 7498 7193 8431 6054 321
370 1336 583 847 8786 6554 468 8493 5115 2979 5386 6338 8424 7734 2730 2003 5295 1982 7498 7193 8431 6054 321
485 1336 583 847 8786 6554 468 8493 5115 2979 5386 6338 8424 7734 2730 2003 5295 1982 7498 7193 8431 6054 321
498 1336 583 847 8786 6554 468 8493 5115 2979 5386 6338 8424 7734 2730 2003 5295 1982 7498 7193 8431 6054 321
335 1336 583 847 8786 6554 468 8493 5115 2979 5386 6338 8424 7734 2730 2003 5295 1982 7498 7193 8431 6054 321
302 1336 583 847 8786 6554 468 8493 5115 2979 5386 6338 8424 7734 2730 2003 5295 1982 7498 7193 8431 6054 79
350 1336 583 847 8786 6554 468 8493 5115 2979 5386 6338 8424 7734 2730 2003 5295 1982 7498 7193 8431 6054 321
476 1336 583 847 8786 6554 468 8493 5115 2979 5386 6338 8424 7734 2730 2003 5295 1982 7498 7193 8431 6054 321
441 1336 583 847 8786 6554 468 8493 5115 2979 5386 6338 8424 7734 2730 2003 5295 1982 7498 7193 8431 6054 321
315 1336 583 847 8786 6554 468 8493 5115 2979 5386 6338 8424 7734 2730 2003 5295 1982 7498 7193 8431 6054 321
323 1336 583 847 8786 6554 468 8493 5115 2979 5386 6338 8424 7734 2730 2003 5295 1982 7498 7193 8431 6054 321
58 1336 583 847 8786 6554 468 8493 5115 2979 5386 6338 8424 7734 2730 2003 5295 1982 7498 7193 8431 6054 321
48 1336 583 847 8786 6554 468 8493 5115 2979 5386 6338 8424 7734 2730 2003 5295 1982 7498 7193 8431 6054 321
59 1336 583 847 8786 6554 468 8493 5115 2979 5386 6338 8424 7734 2730 2003 5295 1982 7498 7193 8431 6054 79
121 1336 583 847 8786 6554 468 8493 5115 2979 5386 6338 8424 7734 2730 2003 5295 1982 7498 7193 8431 6054 321
482 1336 583 847 8786 6554 468 8493 5115 2979 5386 6338 8424 7734 2730 2003 5295 1982 7498 7193 8431 6054 321
11 1336 583 847 8786 6554 468 8493 5115 2979 5386 6338 8424 7734 2730 2003 5295 1982 7498 7193 8431 6054 321
257 1336 583 847 8786 6554 468 8493 5115 2979 5386 6338 8424 7734 2730 2003 5295 1982 7498 7193 8431 6054 321
79 1336 583 847 8786 6554 468 8493 5115 2979 5386 6338 8424 7734 2730 2003 5295 1982 7498 7193 8431 6054 321
189 1336 583 847 8786 6554 468 8493 5115 2979 5386 6338 8424 7734 2730 2003 5295 1982 7498 7193 8431 6054 321
426 1336 583 847 8786 6554 468 8493 5115 2979 5386 6338 8424 7734 2730 2003 5295 1982 7498 7193 8431 6054 321
141 1336 583 847 8786 6554 468 8493 5115 2979 5386 6338 8424 7734 2730 2003 5295 1982 7498 7193 8431 6054 321
464 1336 583 847 8786 6554 468 8493 5115 2979 5386 6338 8424 7734 2730 2003 5295 1982 7498 7193 8431 6054 321
489 1336 583 847 8786 6554 468 8493 5115 2979 5386 6338 8424 7734 2730 2003 5295 1982 7498 7193 8431 6054 321
403 1336 583 847 8786 6554 468 8493 5115 2979 5386 6338 8424 7734 2730 2003 5295 1982 7498 7193 8431 6054 79
60 1336 583 847 8786 6554 468 8493 5115 2979 5386 6338 8424 7734 2730 2003 5295 1982 7498 7193 8431 6054 321
349 1336 583 847 8786 6554 468 8493 5115 2979 5386 6338 8424 7734 2730 2003 5295 1982 7498 7193 8431 6054 321
356 1336 583 847 8786 6554 468 8493 5115 2979 5386 6338 8424 7734 2730 2003 5295 1982 7498 7193 8431 6054 321
472 1336 583 847 8786 6554 468 8493 5115 2979 5386 6338 8424 7734 2730 2003 5295 1982 7498 7193 8431 6054 321
354 1336 583 847 8786 6554 468 8493 5115 2979 5386 6338 8424 7734 2730 2003 5295 1982 7498 7193 8431 6054 321
198 1336 583 847 8786 6554 468 8493 5115 2979 5386 6338 8424 7734 2730 2003 5295 1982 7498 7193 8431 6054 321
37 1336 583 847 8786 6554 468 8493 5115 2979 5386 6338 8424 7734 2730 2003 5295 1982 7498 7193 8431 6054 321
484 1336 583 847 8786 6554 468 8493 5115 2979 5386 6338 8424 7734 2730 2003 5295 1982 7498 7193 8431 6054 321
353 1336 583 847 8786 6554 468 8493 5115 2979 5386 6338 8424 7734 2730 2003 5295 1982 7498 7193 8431 6054 321
387 1336 583 847 8786 6554 468 8493 5115 2979 5386 6338 8424 7734 2730 2003 5295 1982 7498 7193 8431 6054 321
400 1336 583 847 8786 6554 468 8493 5115 2979 5386 6338 8424 7734 2730 2003 5295 1982 7498 7193 8431 6054 321
129 1336 583 847 8786 6554 468 8493 5115 2979 5386 6338 8424 7734 2730 2003 5295 1982 7498 7193 8431 6054 321
343 1336 583 847 8786 6554 468 8493 5115 2979 5386 6338 8424 7734 2730 2003 5295 1982 7498 7193 8431 6054 321
170 1336 583 847 8786 6554 468 8493 5115 2979 5386 6338 8424 7734 2730 2003 5295 1982 7498 7193 8431 6054 321
161 1336 583 847 8786 6554 468 8493 5115 2979 5386 6338 8424 7734 2730 2003 5295 1982 7498 7193 8431 6054 321
187 1336 583 847 8786 6554 468 8493 5115 2979 5386 6338 8424 7734 2730 2003 5295 1982 7498 7193 8431 6054 321
399 1336 583 847 8786 6554 468 8493 5115 2979 5386 6338 8424 7734 2730 2003 5295 1982 7498 7193 8431 6054 321
219 1336 583 847 8786 6554 468 8493 5115 2979 5386 6338 8424 7734 2730 2003 5295 1982 7498 7193 8431 6054 79
412 1336 583 847 8786 6554 468 8493 5115 2979 5386 6338 8424 7734 2730 2003 5295 1982 7498 7193 8431 6054 321
445 1336 583 847 8786 6554 468 8493 5115 2979 5386 6338 8424 7734 2730 2003 5295 1982 7498 7193 8431 6054 321
113 1336 583 847 8786 6554 468 8493 5115 2979 5386 6338 8424 7734 2730 2003 5295 1982 7498 7193 8431 6054 321
423 1336 583 847 8786 6554 468 8493 5115 2979 5386 6338 8424 7734 2730 2003 5295 1982 7498 7193 8431 6054 321
359 1336 583 847 8786 6554 468 8493 5115 2979 5386 6338 8424 7734 2730 2003 5295 1982 7498 7193 8431 6054 321
93 1336 583 847 8786 6554 468 8493 5115 2979 5386 6338 8424 7734 2730 2003 5295 1982 7498 7193 8431 6054 321
369 1336 583 847 8786 6554 468 8493 5115 2979 5386 6338 8424 7734 2730 2003 5295 1982 7498 7193 8431 6054 79
497 1336 583 847 8786 6554 468 8493 5115 2979 5386 6338 8424 7734 2730 2003 5295 1982 7498 7193 8431 6054 79
166 1336 583 847 8786 6554 468 8493 5115 2979 5386 6338 8424 7734 2730 2003 5295 1982 7498 7193 8431 6054 321
67 1336 583 847 8786 6554 468 8493 5115 2979 5386 6338 8424 7734 2730 2003 5295 1982 7498 7193 8431 6054 79
348 1336 583 847 8786 6554 468 8493 5115 2979 5386 6338 8424 7734 2730 2003 5295 1982 7498 7193 8431 6054 321
304 1336 583 847 8786 6554 468 8493 5115 2979 5386 6338 8424 7734 2730 2003 5295 1982 7498 7193 8431 6054 321
108 1336 583 847 8786 6554 468 8493 5115 2979 5386 6338 8424 7734 2730 2003 5295 1982 7498 7193 8431 6054 321
333 1336 583 847 8786 6554 468 8493 5115 2979 5386 6338 8424 7734 2730 2003 5295 1982 7498 7193 8431 6054 321
22 1336 583 847 8786 6554 468 8493 5115 2979 5386 6338 8424 7734 2730 2003 5295 1982 7498 7193 8431 6054 79
107 1336 583 847 8786 6554 468 8493 5115 2979 5386 6338 8424 7734 2730 2003 5295 1982 7498 7193 8431 6054 321
415 1336 583 847 8786 6554 468 8493 5115 2979 5386 6338 8424 7734 2730 2003 5295 1982 7498 7193 8431 6054 321
364 1336 583 847 8786 6554 468 8493 5115 2979 5386 6338 8424 7734 2730 2003 5295 1982 7498 7193 8431 6054 321
486 1336 583 847 8786 6554 468 8493 5115 2979 5386 6338 8424 7734 2730 2003 5295 1982 7498 7193 8431 6054 321
221 1336 583 847 8786 6554 468 8493 5115 2979 5386 6338 8424 7734 2730 2003 5295 1982 7498 7193 8431 6054 79
446 1336 583 847 8786 6554 468 8493 5115 2979 5386 6338 8424 7734 2730 2003 5295 1982 7498 7193 8431 6054 321
244 1336 583 847 8786 6554 468 8493 5115 2979 5386 6338 8424 7734 2730 2003 5295 1982 7498 7193 8431 6054 321
54 1336 583 847 8786 6554 468 8493 5115 2979 5386 6338 8424 7734 2730 2003 5295 1982 7498 7193 8431 6054 321
40 1336 583 847 8786 6554 468 8493 5115 2979 5386 6338 8424 7734 2730 2003 5295 1982 7498 7193 8431 6054 321
449 1336 583 847 8786 6554 468 8493 5115 2979 5386 6338 8424 7734 2730 2003 5295 1982 7498 7193 8431 6054 321
225 1336 583 847 8786 6554 468 8493 5115 2979 5386 6338 8424 7734 2730 2003 5295 1982 7498 7193 8431 6054 321
408 1336 583 847 8786 6554 468 8493 5115 2979 5386 6338 8424 7734 2730 2003 5295 1982 7498 7193 8431 6054 321
8 1336 583 847 8786 6554 468 8493 5115 2979 5386 6338 8424 7734 2730 2003 5295 1982 7498 7193 8431 6054 321
392 1336 583 847 8786 6554 468 8493 5115 2979 5386 6338 8424 7734 2730 2003 5295 1982 7498 7193 8431 6054 321
125 1336 583 847 8786 6554 468 8493 5115 2979 5386 6338 8424 7734 2730 2003 5295 1982 7498 7193 8431 6054 321
499 1336 583 847 8786 6554 468 8493 5115 2979 5386 6338 8424 7734 2730 2003 5295 1982 7498 7193 8431 6054 79
143 1336 583 847 8786 6554 468 8493 5115 2979 5386 6338 8424 7734 2730 2003 5295 1982 7498 7193 8431 6054 321
432 1336 583 847 8786 6554 468 8493 5115 2979 5386 6338 8424 7734 2730 2003 5295 1982 7498 7193 8431 6054 321
50 1336 583 847 8786 6554 468 8493 5115 2979 5386 6338 8424 7734 2730 2003 5295 1982 7498 7193 8431 6054 79
9 1336 583 847 8786 6554 468 8493 5115 2979 5386 6338 8424 7734 2730 2003 5295 1982 7498 7193 8431 6054 321
314 1336 583 847 8786 6554 468 8493 5115 2979 5386 6338 8424 7734 2730 2003 5295 1982 7498 7193 8431 6054 321
368 1336 583 847 8786 6554 468 8493 5115 2979 5386 6338 8424 7734 2730 2003 5295 1982 7498 7193 8431 6054 321
248 1336 583 847 8786 6554 468 8493 5115 2979 5386 6338 8424 7734 2730 2003 5295 1982 7498 7193 8431 6054 321
207 1336 583 847 8786 6554 468 8493 5115 2979 5386 6338 8424 7734 2730 2003 5295 1982 7498 7193 8431 6054 79
262 1336 583 847 8786 6554 468 8493 5115 2979 5386 6338 8424 7734 2730 2003 5295 1982 7498 7193 8431 6054 79
10 1336 583 847 8786 6554 468 8493 5115 2979 5386 6338 8424 7734 2730 2003 5295 1982 7498 7193 8431 6054 321
148 1336 583 847 8786 6554 468 8493 5115 2979 5386 6338 8424 7734 2730 2003 5295 1982 7498 7193 8431 6054 79
422 1336 583 847 8786 6554 468 8493 5115 2979 5386 6338 8424 7734 2730 2003 5295 1982 7498 7193 8431 6054 79
192 1336 583 847 8786 6554 468 8493 5115 2979 5386 6338 8424 7734 2730 2003 5295 1982 7498 7193 8431 6054 321
168 1336 583 847 8786 6554 468 8493 5115 2979 5386 6338 8424 7734 2730 2003 5295 1982 7498 7193 8431 6054 321
172 1336 583 847 8786 6554 468 8493 5115 2979 5386 6338 8424 7734 2730 2003 5295 1982 7498 7193 8431 6054 321
18 1336 583 847 8786 6554 468 8493 5115 2979 5386 6338 8424 7734 2730 2003 5295 1982 7498 7193 8431 6054 79
177 1336 583 847 8786 6554 468 8493 5115 2979 5386 6338 8424 7734 2730 2003 5295 1982 7498 7193 8431 6054 321
205 1336 583 847 8786 6554 468 8493 5115 2979 5386 6338 8424 7734 2730 2003 5295 1982 7498 7193 8431 6054 321
376 1336 583 847 8786 6554 468 8493 5115 2979 5386 6338 8424 7734 2730 2003 5295 1982 7498 7193 8431 6054 321
272 1336 583 847 8786 6554 468 8493 5115 2979 5386 6338 8424 7734 2730 2003 5295 1982 7498 7193 8431 6054 79
450 1336 583 847 8786 6554 468 8493 5115 2979 5386 6338 8424 7734 2730 2003 5295 1982 7498 7193 8431 6054 321
156 1336 583 847 8786 6554 468 8493 5115 2979 5386 6338 8424 7734 2730 2003 5295 1982 7498 7193 8431 6054 321
240 1336 583 847 8786 6554 468 8493 5115 2979 5386 6338 8424 7734 2730 2003 5295 1982 7498 7193 8431 6054 321
86 1336 583 847 8786 6554 468 8493 5115 2979 5386 6338 8424 7734 2730 2003 5295 1982 7498 7193 8431 6054 79
20 1336 583 847 8786 6554 468 8493 5115 2979 5386 6338 8424 7734 2730 2003 5295 1982 7498 7193 8431 6054 321
246 1336 583 847 8786 6554 468 8493 5115 2979 5386 6338 8424 7734 2730 2003 5295 1982 7498 7193 8431 6054 321
183 1336 583 847 8786 6554 468 8493 5115 2979 5386 6338 8424 7734 2730 2003 5295 1982 7498 7193 8431 6054 79
265 1336 583 847 8786 6554 468 8493 5115 2979 5386 6338 8424 7734 2730 2003 5295 1982 7498 7193 8431 6054 321
178 1336 583 847 8786 6554 468 8493 5115 2979 5386 6338 8424 7734 2730 2003 5295 1982 7498 7193 8431 6054 321
344 1336 583 847 8786 6554 468 8493 5115 2979 5386 6338 8424 7734 2730 2003 5295 1982 7498 7193 8431 6054 321
358 1336 583 847 8786 6554 468 8493 5115 2979 5386 6338 8424 7734 2730 2003 5295 1982 7498 7193 8431 6054 321
43 1336 583 847 8786 6554 468 8493 5115 2979 5386 6338 8424 7734 2730 2003 5295 1982 7498 7193 8431 6054 321
437 1336 583 847 8786 6554 468 8493 5115 2979 5386 6338 8424 7734 2730 2003 5295 1982 7498 7193 8431 6054 79
311 1336 583 847 8786 6554 468 8493 5115 2979 5386 6338 8424 7734 2730 2003 5295 1982 7498 7193 8431 6054 321
142 1336 583 847 8786 6554 468 8493 5115 2979 5386 6338 8424 7734 2730 2003 5295 1982 7498 7193 8431 6054 321
334 1336 583 847 8786 6554 468 8493 5115 2979 5386 6338 8424 7734 2730 2003 5295 1982 7498 7193 8431 6054 79
96 1336 583 847 8786 6554 468 8493 5115 2979 5386 6338 8424 7734 2730 2003 5295 1982 7498 7193 8431 6054 321
132 1336 583 847 8786 6554 468 8493 5115 2979 5386 6338 8424 7734 2730 2003 5295 1982 7498 7193 8431 6054 321
126 1336 583 847 8786 6554 468 8493 5115 2979 5386 6338 8424 7734 2730 2003 5295 1982 7498 7193 8431 6054 321
329 1336 583 847 8786 6554 468 8493 5115 2979 5386 6338 8424 7734 2730 2003 5295 1982 7498 7193 8431 6054 321
431 1336 583 847 8786 6554 468 8493 5115 2979 5386 6338 8424 7734 2730 2003 5295 1982 7498 7193 8431 6054 321
230 1336 583 847 8786 6554 468 8493 5115 2979 5386 6338 8424 7734 2730 2003 5295 1982 7498 7193 8431 6054 321
212 1336 583 847 8786 6554 468 8493 5115 2979 5386 6338 8424 7734 2730 2003 5295 1982 7498 7193 8431 6054 79
294 1336 583 847 8786 6554 468 8493 5115 2979 5386 6338 8424 7734 2730 2003 5295 1982 7498 7193 8431 6054 321
64 1336 583 847 8786 6554 468 8493 5115 2979 5386 6338 8424 7734 2730 2003 5295 1982 7498 7193 8431 6054 321
280 1336 583 847 8786 6554 468 8493 5115 2979 5386 6338 8424 7734 2730 2003 5295 1982 7498 7193 8431 6054 79
78 1336 583 847 8786 6554 468 8493 5115 2979 5386 6338 8424 7734 2730 2003 5295 1982 7498 7193 8431 6054 321
49 1336 583 847 8786 6554 468 8493 5115 2979 5386 6338 8424 7734 2730 2003 5295 1982 7498 7193 8431 6054 321
425 1336 583 847 8786 6554 468 8493 5115 2979 5386 6338 8424 7734 2730 2003 5295 1982 7498 7193 8431 6054 321
61 1336 583 847 8786 6554 468 8493 5115 2979 5386 6338 8424 7734 2730 2003 5295 1982 7498 7193 8431 6054 321
330 1336 583 847 8786 6554 468 8493 5115 2979 5386 6338 8424 7734 2730 2003 5295 1982 7498 7193 8431 6054 321
339 1336 583 847 8786 6554 468 8493 5115 2979 5386 6338 8424 7734 2730 2003 5295 1982 7498 7193 8431 6054 321
442 2497 9676 9235 1940 5391 2468 8164 966 2777 3133 7744 6054 4199
