100
92 585 40 1054 68 4630 2360 25 121 475 141 8444 364 8948 715 590 1456 105 906 170 147 257 2696 6166 1073 2078 169 75 20 50 3676 1334 1958 3097 176
71 255 42 54 34 549 98 399 799 971 37 97 179 142 698 1841 5165 2738 401 1123 99 546 248 125 41 9906 1065 470 13 506 4361 583 1671
31 30 323 7924 4032 143 581 9607 853 101 1288 205 3349 66 83 2191 356 507 2805 86 6329 3659 8 5803 1362 6064 28 419 72 122 9138
3 106 1314 92 304 562 1062 5519 182 6284 29 2067 31 1370 210 1337 70 3 108 360 302 268 447 253 161 235 89 553 100 73 145 69 554
75 4809 346 222 4221 1106 659 65 64 648 976 159 4009 2840 774 112 10 1765 557 19 1862 256 298 209 3478 489 173 735 6702 17 62 8704 445 1266 1147 2992 119 7373 408 120
6 7764 1239 3926 21 129 130 3299 81 45 56 199 174 8516 607 582 1041 7776 6229 842 8131 172 459 1882 2334 3313 7977 3444 8801 22 6412 36 206 252 907 442 7624
38 327 4264 6834 9574 5368 5329 46 251 96 1991 881 534 759 293 809 1178 8295 16 730 67 26 3843 2219 353 191 5383 232 314 1434 1714
87 3359 234 60 225 2611 137 1772 1358 2 351 1549 51 392 14 3252 551 7733 165 3330 43 7 44 848 5422 689 2385 4682 1939 815 5447 3034 132 138
63 128 216 954 150 3811 77 579 4394 7372 4270 71 48 299 57 18 217 3622 903 80 23 144 194 2886 4336 2463 2572 529 7486 175 290 416 316 355
86 500 2051 33 2221 238 1757 218 351 1896 2987 1121 1318 9041 96 79 1340 726 281 538 3354 3526 112 11 257 837 199 3137 0 156 2019 669 178 6087 636 152 485 9514 968 7055 1310
89 2527 4971 60 169 682 498 1861 8579 1459 260 1201 436 4618 4793 378 8244 997 4048 3894 912 2886 62 13 240 12 142 1601 1975 5350 8450
79 2377 5520 847 5773 733 3969 93 50 66 943 505 157 100 673 127 230 2005 81 6450 1193 545 3 68 161 130 110 532 245 164 7584 1020 8978 176 1671 6165
32 2882 861 3458 272 1150 301 830 148 1865 402 309 645 1663 217 209 975 554 264 1000 232 960 15 114 7971 180 842 1506 900 135 105 268 1741 544 2968 11 332 655 5921 2486
28 6424 557 1140 8103 130 156 218 85 6785 34 7590 2329 337 77 2576 321 43 932 619 374 55 88 1008 4299 318 338 1788 32 4364 653 2402 708
94 0 420 493 117 189 980 2360 282 4271 978 757 1783 60 133 222 697 1627 1142 576 4657 414 1 5909 2254 488 7956 102 132 178 8766 4281
45 791 8729 31 262 7040 4850 171 2965 12 173 1246 7062 27 946 258 3815 6149 463 208 239 412 1459 1106 2078 167 22 107 709 1917 5051 1502
55 4 2913 735 1882 860 4625 26 622 2819 2414 144 1750 18 16 4857 7 151 5207 552 33 824 1216 743 764 527 582 103 9793 632 53 3 667 1200 6887 1263 1502 3774 3244 1737
81 5447 1544 1432 322 808 2601 590 4157 131 44 96 727 8162 1001 368 291 82 1990 2551 165 52 300 19 7708 57 64 146 1031 23 549 460 283 70 931 5626 2 325 869 7117
53 6 3038 4 100 1434 62 161 2135 724 2052 8512 11 187 243 2218 8629 251 23 2262 91 1428 755 1353 2195 2473 248 60 8 20 313 6094 3828 332 2859 356 236 2060
72 2094 327 324 194 7797 477 79 399 465 347 1758 51 48 234 2 76 3358 3164 2611 502 158 505 1509 72 1967 136 633 1571 117 6126 309 2433 1876 138
11 760 1889 6820 475 1566 159 37 98 302 664 46 5689 40 9 9359 371 61 772 377 7986 296 2904 1894 4838 653 328 210 2507 132 4630 15 1296 1993 121 1384 3849
68 1333 93 3317 1866 73 265 108 70 162 6423 47 54 3016 213 803 446 134 314 1408 237 231 1190 325 180 415 124 110 1988 409 591
43 785 170 74 1598 890 1704 800 1721 5376 1552 6035 798 2261 336 1035 1056 24 13 1397 216 397 6229 52 2152 6655 111 1215 7589 5038 1503 856 1443 43 3395 1128 1510 176 1495
64 689 452 6949 6258 55 342 2343 3 42 168 299 246 32 3032 84 551 1360 472 6092 83 810 174 425 357 2306 139 219 8009 9478 81 899 7712 7862 1958 1737 6769
1 428 1416 67 461 75 533 209 1108 118 215 4448 379 238 2029 225 750 1037 21 4929 6156 657 1483 1931 5855 2315 1375 5215 57 14 5150 797 1290
26 405 1019 38 778 1068 515 244 4560 5205 301 7 592 19 82 41 826 1183 631 3775 25 9424 1852 261 157 63 3140 286 181 156 846 112 0 2297 9613 255 6419 8184 8309 1420 4977 554 3110
57 456 2883 2458 4859 5724 619 2683 1595 1706 136 69 83 9566 20 2062 287 5797 372 378 51 4241 24 3784 5 3017 75 5801 7591 4858 4618 410 797 3975
41 1837 2014 5688 1044 181 54 214 422 1815 38 8586 1442 9678 2759 351 553 1511 254 215 321 365 2147 53 2961 179 1626 7672 197 1572 2780
80 248 12 1165 2795 55 116 118 2456 28 545 7473 1932 916 231 8672 49 227 2634 104 2415 298 213 16 106 448 1991 176 126
83 137 7559 81 2609 91 362 688 1824 762 266 323 48 30 45 97 60 1699 253 480 239 8272 65 41 2134 349 6748 374 5431 2836 1262 804 779 4942 62 3831
61 1 2059 43 4674 4850 17 9311 2373 3790 339 6677 7546 145 142 3661 162 666 530 39 208 6979 230 1877 2247 64 6338 367 3135 1034 13 900
2 738 112 2119 2545 1497 1211 56 27 23 218 102 224 84 4648 2219 59 22 316 111 94 4 6565 5064 76 3508 6616 389 1755 721 3884 940 1156 3414 699 566 577 3613 2264 1502 3244
70 203 4099 2221 1909 629 4922 26 259 240 282 1162 196 33 3710 998 7653 50 627 2388 150 844 86 429 131 235 484 958 476 6532 840 496 404 6698 3244
67 2132 1863 1843 1623 375 1956 2195 18 891 229 2706 3689 519 511 2098 3056 503 7687 76 941 1582 27 8401 9493 131 116 200 2052 54 118 59 742 3293 155 2060
65 2791 6205 7287 8518 890 147 514 8428 7122 86 66 139 3946 319 2413 3175 862 5196 589 3769 1377 2460 55 818 2894 308 488 46 1679 2478 3767
4 1635 1257 129 192 78 34 183 908 152 1628 637 13 85 562 29 12 3654 43 1 3420 5774 1515 1073 2436 963 57 37 6147 6913 433 299 126
99 165 568 133 258 235 111 278 402 6629 580 160 84 228 740 3893 130 652 2348 3033 110 79 50 26 5161 6074 3751 1881 1387 138
95 3692 313 4238 47 3151 454 188 565 2897 4791 1268 4146 218 641 9017 8055 670 3541 790 170 8901 1336 2437 3646 4549 70 587 1074 2654 432 28 138 554 7585
47 3227 190 1264 36 5564 77 180 53 33 558 2670 2392 6 546 257 7275 132 1017 392 168 2022 2445 2927 6270 993 106 387 1424 2431 158 404 859 138
88 47 1583 21 117 6025 3915 672 7777 1503 42 24 1591 5778 92 216 2475 5731 539 510 1571 1017 3400 95 3488 13 182 527 928 248 1053 6 211 205 3879 277 120 1263 3244
62 7195 259 245 6847 9 497 363 100 1027 359 27 2423 173 7481 700 51 194 9593 1627 3044 5546 161 559 766 528 167 7181 308 9203 22 601 278 8 583 1310
40 38 6226 2745 803 659 210 127 3 209 132 106 9208 60 3753 5507 3704 67 6831 306 772 5931 388 273 317 982 282 190 1275 521 6044 957 63 914 69 2818
97 777 160 265 85 83 1880 4146 239 1570 3858 4928 168 3561 49 230 375 3345 14 858 113 76 241 3429 31 135 144 7734 2143 18 355 5668
15 16 154 846 231 5296 6955 345 86 1123 58 1738 470 1 660 1223 405 74 875 150 7 361 90 78 829 1080 316 36 5326 292 1192 290 770 164 595 35 4500 611 1468 4841 155 1290
39 322 94 701 189 56 99 2128 796 169 632 7593 3813 750 1481 2688 979 130 879 421 192 1973 506 393 1082 678 2 245 790 2990 22 355 1671
12 7182 439 168 533 878 3751 3983 595 39 213 5634 546 267 452 1395 60 747 251 2657 2222 161 613 4302 731 202 162 628 118 221 66 55 37 608 77 280 417
18 79 6234 119 3272 389 102 1197 413 122 998 742 65 143 18 231 9 1849 105 1171 2416 365 4160 17 469 450 2404 728 3623 1251 646 5901 273 1226 4275 6756 647 7084 139 5381 554
7 4848 303 6031 848 807 170 5429 4752 1315 1590 5222 380 167 331 3548 485 948 398 151 1576 1296 3500 1100 87 246 73 4362 2983 1021 1959 6662 1748 118 1985 76 63 4371
37 7367 706 2096 36 1097 816 185 456 195 1207 3950 481 1027 270 1709 35 450 355 506 7791 1811 417 6630 25 1579 276 256 9843 393 184 4023
16 2751 90 916 291 278 1136 1278 49 490 5795 191 762 1866 2247 846 3715 131 1235 89 181 880 4244 250 320 54 229 9225 290
56 1035 302 51 223 154 8486 659 211 3528 129 13 28 5791 115 215 48 141 214 5617 1015 1214 349 289 819 2746 3243 898 288 107 5276 3756
29 1116 3632 3417 0 3689 153 40 8055 19 24 1681 7676 165 338 2268 3842 112 4974 1477 119 5059 71 8660 220 362 2107 681
14 1704 4708 46 281 722 92 258 10 177 45 350 102 1185 344 47 3009 5069 207 7 1754 56 30 279 323 2083 1908 3070 1 461 382 708
98 205 1487 106 42 40 179 410 23 157 1658 175 13 5748 6400 556 56 5645 6201 1636 1672 9782 7243 6546 41 757 170 649 1736 236 927 915 1161 3097
5 1966 8 2498 1209 933 37 168 7497 3881 117 5197 303 21 2478 5863 599 4552 13 362 113 1889 8044 97 286 155 41 1648 1756 1702 1541 409 310 5160 953 67 637 2163 937 3110 549 65 175 1334 3849
0 1368 505 104 4227 4040 3053 6614 8949 6779 4048 6052 97 91 949 2498 6045 2334 425 2594 2482 1009 3160 82 26 1725 451 1 293 5246 152 30 166 1799
34 3140 322 412 6755 395 15 18 514 866 594 106 363 69 4659 57 6130 587 371 1446 1089 2469 137 5597 17 2430 4096 340 154 198 2147 5084 6523 38 1921 204 1080 44 53 776 114 19 176 155 1737 3097
84 233 2542 333 1269 34 45 3949 926 885 88 5490 28 8044 6354 1 124 4995 159 4761 487 455 1147 1620 418 2184 1624 9952 827 125 2126 268 126 8702 4347 968 1482 138
50 1233 2227 691 5178 4619 216 141 1414 83 4864 1391 672 2292 5562 357 1575 1891 305 2612 591 228 444 21 41 85 140 390 391 20 491 100 11 3222 4380 1942 178 2513
23 50 1156 39 1042 1948 233 1438 3324 35 5834 1677 1152 1967 885 1105 422 25 1686 152 17 2664 4477 2579 45 126 15 218 1402 3700 13 122 375 325 138 554
78 2568 5120 567 1828 10 70 1271 3989 4162 5604 6480 174 244 32 1407 1506 95 750 611 947 3648 457 4482 11 606 1087 7325 1951 968
21 4 4319 4001 8116 4350 3839 145 875 7316 1452 1865 59 343 2142 845 292 866 462 54 124 46 29 101 976 93 3535 358 7027 131 355 583
66 6558 21 56 1413 90 8688 237 7658 6684 107 2169 851 230 524 55 3257 71 2282 2491 1318 600 1642 49 1010 352 109 27 34 251 119 207 172 82 184 6656
13 607 2285 1 2852 269 183 597 4620 3209 4336 3525 796 6952 186 6131 5902 2509 7918 740 414 2198 5446 74 307 645 139 2 114 1988 4994 57 160 3659 201 23 429 572 482 1482
93 129 60 549 2049 443 293 281 502 4864 200 1370 111 14 128 6980 286 135 393 187 3041 67 58 38 6644 8086 411 192 654 245 7162 2055 117 8802 249 3600 4171
24 391 108 2431 2282 1913 2051 179 8114 44 799 6348 3796 8702 1697 5566 1591 719 62 9742 2451 58 4452 1075 20 190 635 680 1406 292 632 7815 1566 91 481 121 1184 1572 708
17 454 5893 759 4278 1710 346 435 42 3900 19 665 3274 7818 96 12 2202 633 247 83 3735 510 29 5278 318 8015 602 195 6797 81 44 361 285 1352 3923 731 6049 2614
96 2684 67 1389 350 5020 391 1099 143 2212 180 448 9357 6438 197 360 437 17 182 158 723 1461 268 780 127 196 358 793 131 296 309 442 1272 404 329
54 541 1506 1721 4632 628 2477 4914 8692 330 962 3881 4757 92 219 243 1867 3013 2291 189 147 2087 5447 3424 48 114 4560 77 1489 115 4044 109 2195 721 480 212 3 27 252 229 8 4656 968 138
48 3684 9 5728 2863 366 25 218 28 3692 96 74 4821 79 1371 248 2825 8616 1260 2920 2988 1653 315 134 6336 300 8326 357 9433 147 5547 389 1344 330 3561 198 1554 4247
74 2385 264 8365 234 435 625 517 3502 64 1210 1401 58 621 1332 184 992 9295 36 2522 148 1979 6450 1026 145 2 2156 5792 8875 196 2048 9471 117 2967 914 1754 41 6097 6696 715 24 1963 8938 1610 2112 1583 155 5526 968 708
30 4325 0 431 8427 247 9360 67 163 3943 10 5417 1906 3 2078 707 4514 9 56 7774 137 3895 492 4801 825 8241 602 4597 841 128 187 150 1596 102 253 9543 1173
82 9872 4930 109 3178 3660 2356 610 105 113 582 688 565 3759 377 723 1038 3536 149 4659 5403 256 242 40 1428 20 612 1671 9584
36 406 1027 328 469 1127 3730 597 71 561 4051 6137 39 714 5361 99 179 5005 1532 1388 353 280 501 3194 49 9040 2295 589 162 8 1515 2552 107 6577 859
27 63 119 32 2 240 2769 601 1345 60 1225 5812 411 2148 984 2960 25 212 3266 295 1137 105 12 53 574 513 4152 9262 2014 283 9085 767 77 487 468 815 3389 1495 138
8 265 51 2928 1754 3179 6555 343 125 2622 5186 2491 275 179 79 3059 1735 855 26 4885 412 3932 4316 537 45 2627 3969 157 2171 261 916 4517 408 126 8614 300 2700
9 293 1756 174 676 95 938 187 656 99 219 2652 88 5641 951 2973 122 9442 6234 297 38 73 216 217 59 1449 2024 6729 475 3559 2065 121 2052 4390 176 138 6304 554
85 4240 912 758 226 48 114 115 67 2562 338 5605 1393 65 113 83 409 78 9609 5371 81 666 2730 417 2397 525 231 715 544 1312 56 16 4459 139 69 8 4102
60 130 298 626 106 808 7876 352 340 105 76 970 4421 3456 103 2013 0 58 143 516 111 238 39 75 2157 82 10 311 133 355 2848 4247
49 8973 272 419 297 1959 123 646 42 6137 9957 35 7718 235 3236 1752 7970 259 476 2239 483 1074 1909 5221 6012 344 4164 471 529 836 316 186 14 763 4613 138 8450
35 1150 96 19 49 128 310 212 5 969 114 953 229 519 1504 2516 1363 3560 975 29 1782 52 1260 2581 1653 899 72 140 53 12 1165 90
90 478 60 413 454 83 1767 1065 69 3923 431 87 738 1842 351 492 675 159 4435 3126 4551 425 1378 2 8315 4207 137 169 20 5158 3020 7709 97 7 1186 3190 2371 7304 120
22 96 49 442 462 173 89 822 6731 168 584 230 458 933 66 133 60 2045 59 843 354 31 47 1966 3009 2000 316 81 9425 6747 1805 193 793 650 166 3211 1310 9517 1290 583
59 65 21 323 769 75 1011 111 203 31 725 8601 6408 3843 6238 225 2187 1429 64 22 1728 11 1264 216 2295 2479 902 127 82 189 2980 762 1412 70 585 933 977
20 26 148 1290 2979 9798 676 105 206 1005 9562 379 336 158 1168 3317 1919 989 5001 805 3535 7748 120 48 1886 4984 3604 4662 208 1052 1698 998 396 1080 1638 5526 2591
42 247 5154 1039 250 280 7606 516 935 655 82 561 669 9519 1058 490 284 7347 34 908 1729 1514 3790 595 4408 2228 4225 9561 2005 331 1027 6398 23 1880 119 9749 6 1611 176 3172 2153 3198 9517 1263
58 4104 5850 1378 264 550 1866 2986 101 4685 148 99 70 8076 4474 3768 1902 6604 437 2619 128 4133 909 936 224 329 175 760 396 6571 73 22 475 4895 294 121 1587 4596 252 2153
76 43 3228 455 128 103 245 3279 48 47 35 556 108 129 305 458 46 73 94 0 137 100 246 691 1342 6288 104 542 114 28 577 155 869 2060 900 867
91 651 663 8088 84 4370 2665 4 3003 164 55 5275 443 2477 407 4148 327 473 19 49 414 114 103 6018 739 654 6005 151 1746 970 1066 534 104 1091 2591 1932 0 445 59 7086 184
46 1142 8585 1474 133 438 4581 1166 644 425 7135 1567 267 70 22 352 7600 68 128 8438 4131 227 573 218 183 338 2020 4331 350 355 859 3684 2076
52 229 384 1601 4025 6514 6001 310 18 365 23 753 2190 3761 16 2327 5625 1361 1950 248 30 676 2088 724 381 2702 467 6171 145 689 1465 170 7895 243 1714 1482
44 332 5014 2091 1610 43 202 214 1051 256 2951 4089 6044 498 2575 1826 162 197 2196 146 109 650 1213 34 151 2785 29 1106 3604 195 348 2853 2743 716 1246 2076 9502 708
73 16 9547 65 2878 110 1311 9 3 1 21 180 6359 50 252 74 7702 33 637 268 178 1039 308 1845 751 333 70 127 1562 293 6504 4151 1516 161 3706
33 1 9 6697 3699 602 8488 1011 7387 539 16 5294 3790 188 940 2233 19 419 231 358 509 3119 15 3563 347 961 2444 5167 1414 4120 1216 60 88 30 128 1900 7373 252 2848 3097
19 1685 298 1333 50 47 704 3861 250 297 2564 14 154 354 3447 1114 1658 3455 271 51 633 7133 333 222 904 382 2374 1548 4918 78 285 1284 6698 138 1737
10 3430 3252 103 129 1361 119 5170 652 12 1079 41 4386 934 2496 6912 662 71 3712 152 0 160 458 694 8992 455 2852 2102 271 90 270 120 148 7234 9039 6049 2848 5926
25 109 2546 342 9677 409 1293 13 463 249 807 226 1490 21 1859 757 127 2191 952 106 602 6943 113 44 1126 2494 5532 27 577 2737 83 400 176 2264
77 8733 244 433 4138 5350 21 207 2 1130 1593 651 2657 499 24 2517 76 273 16 2942 222 19 217 635 1407 1071 78 8466 6745 2378 11 3603 658 40 183 1888
51 9234 33 8783 213 6 23 4705 597 788 4606 288 966 9 22 2410 63 200 508 1728 159 725 334 1989 2420 4847 53 383 6237 1224 3586 198 246 5 70 14 1417 3824 197 5031 977
69 762 141 1593 1499 427 1883 1119 388 1279 358 109 8180 276 47 3561 54 8 756 13 3520 6767 2177 7231 7 1446 1061 99 8004 1628 3710 63 2551 142 1522 80 224 9 28
